0 info it worked if it ends with ok
1 verbose cli [
1 verbose cli   '/usr/local/bin/node',
1 verbose cli   '/usr/local/bin/npm',
1 verbose cli   'install',
1 verbose cli   '--ignore-scripts',
1 verbose cli   '@types/express@ts3.6',
1 verbose cli   '@types/accepts@ts3.6',
1 verbose cli   '@types/body-parser@ts3.6',
1 verbose cli   '@types/bytes@ts3.6',
1 verbose cli   '@types/call-bind@ts3.6',
1 verbose cli   '@types/content-disposition@ts3.6',
1 verbose cli   '@types/content-type@ts3.6',
1 verbose cli   '@types/cookie@ts3.6',
1 verbose cli   '@types/cookie-signature@ts3.6',
1 verbose cli   '@types/debug@ts3.6',
1 verbose cli   '@types/depd@ts3.6',
1 verbose cli   '@types/destroy@ts3.6',
1 verbose cli   '@types/ee-first@ts3.6',
1 verbose cli   '@types/encodeurl@ts3.6',
1 verbose cli   '@types/escape-html@ts3.6',
1 verbose cli   '@types/etag@ts3.6',
1 verbose cli   '@types/finalhandler@ts3.6',
1 verbose cli   '@types/forwarded@ts3.6',
1 verbose cli   '@types/fresh@ts3.6',
1 verbose cli   '@types/function-bind@ts3.6',
1 verbose cli   '@types/get-intrinsic@ts3.6',
1 verbose cli   '@types/has@ts3.6',
1 verbose cli   '@types/has-symbols@ts3.6',
1 verbose cli   '@types/http-errors@ts3.6',
1 verbose cli   '@types/inherits@ts3.6',
1 verbose cli   '@types/media-typer@ts3.6',
1 verbose cli   '@types/merge-descriptors@ts3.6',
1 verbose cli   '@types/methods@ts3.6',
1 verbose cli   '@types/mime@ts3.6',
1 verbose cli   '@types/mime-db@ts3.6',
1 verbose cli   '@types/mime-types@ts3.6',
1 verbose cli   '@types/ms@ts3.6',
1 verbose cli   '@types/negotiator@ts3.6',
1 verbose cli   '@types/object-inspect@ts3.6',
1 verbose cli   '@types/on-finished@ts3.6',
1 verbose cli   '@types/parseurl@ts3.6',
1 verbose cli   '@types/proxy-addr@ts3.6',
1 verbose cli   '@types/qs@ts3.6',
1 verbose cli   '@types/range-parser@ts3.6',
1 verbose cli   '@types/safer-buffer@ts3.6',
1 verbose cli   '@types/send@ts3.6',
1 verbose cli   '@types/serve-static@ts3.6',
1 verbose cli   '@types/statuses@ts3.6',
1 verbose cli   '@types/toidentifier@ts3.6',
1 verbose cli   '@types/type-is@ts3.6',
1 verbose cli   '@types/utils-merge@ts3.6',
1 verbose cli   '@types/vary@ts3.6',
1 verbose cli   '--save-dev',
1 verbose cli   '--user-agent=typesInstaller/3.6.3'
1 verbose cli ]
2 info using npm@6.14.6
3 info using node@v12.18.3
4 verbose npm-session 2abb0399ad78c554
5 silly install loadCurrentTree
6 silly install readLocalPackageData
7 http fetch GET 200 https://registry.npmjs.org/@types%2fcall-bind 297ms
8 silly fetchPackageMetaData error for @types/call-bind@ts3.6 No matching version found for @types/call-bind@ts3.6.
9 http fetch GET 304 https://registry.npmjs.org/@types%2fcookie-signature 293ms (from cache)
10 http fetch GET 304 https://registry.npmjs.org/@types%2fcontent-type 305ms (from cache)
11 http fetch GET 304 https://registry.npmjs.org/@types%2fcontent-disposition 307ms (from cache)
12 silly pacote tag manifest for @types/cookie-signature@ts3.6 fetched in 303ms
13 silly pacote tag manifest for @types/content-type@ts3.6 fetched in 317ms
14 silly pacote tag manifest for @types/content-disposition@ts3.6 fetched in 318ms
15 http fetch GET 304 https://registry.npmjs.org/@types%2fcookie 396ms (from cache)
16 http fetch GET 304 https://registry.npmjs.org/@types%2faccepts 414ms (from cache)
17 http fetch GET 304 https://registry.npmjs.org/@types%2fexpress 419ms (from cache)
18 http fetch GET 304 https://registry.npmjs.org/@types%2fbody-parser 418ms (from cache)
19 http fetch GET 304 https://registry.npmjs.org/@types%2fbytes 418ms (from cache)
20 silly pacote tag manifest for @types/cookie@ts3.6 fetched in 415ms
21 silly pacote tag manifest for @types/express@ts3.6 fetched in 438ms
22 silly pacote tag manifest for @types/accepts@ts3.6 fetched in 429ms
23 silly pacote tag manifest for @types/body-parser@ts3.6 fetched in 432ms
24 silly pacote tag manifest for @types/bytes@ts3.6 fetched in 434ms
25 http fetch GET 304 https://registry.npmjs.org/@types%2fencodeurl 135ms (from cache)
26 silly pacote tag manifest for @types/encodeurl@ts3.6 fetched in 140ms
27 http fetch GET 304 https://registry.npmjs.org/@types%2fdepd 163ms (from cache)
28 silly pacote tag manifest for @types/depd@ts3.6 fetched in 167ms
29 http fetch GET 304 https://registry.npmjs.org/@types%2fdebug 474ms (from cache)
30 silly pacote tag manifest for @types/debug@ts3.6 fetched in 478ms
31 http fetch GET 200 https://registry.npmjs.org/@types%2ffunction-bind 122ms
32 http fetch GET 304 https://registry.npmjs.org/@types%2fetag 176ms (from cache)
33 http fetch GET 304 https://registry.npmjs.org/@types%2fdestroy 286ms (from cache)
34 http fetch GET 304 https://registry.npmjs.org/@types%2ffresh 172ms (from cache)
35 http fetch GET 304 https://registry.npmjs.org/@types%2ffinalhandler 178ms (from cache)
36 http fetch GET 304 https://registry.npmjs.org/@types%2fescape-html 185ms (from cache)
37 http fetch GET 304 https://registry.npmjs.org/@types%2fforwarded 178ms (from cache)
38 silly pacote tag manifest for @types/etag@ts3.6 fetched in 185ms
39 silly pacote tag manifest for @types/destroy@ts3.6 fetched in 296ms
40 silly pacote tag manifest for @types/fresh@ts3.6 fetched in 182ms
41 silly pacote tag manifest for @types/escape-html@ts3.6 fetched in 194ms
42 silly pacote tag manifest for @types/finalhandler@ts3.6 fetched in 189ms
43 silly pacote tag manifest for @types/forwarded@ts3.6 fetched in 194ms
44 http fetch GET 304 https://registry.npmjs.org/@types%2fee-first 305ms (from cache)
45 silly pacote tag manifest for @types/ee-first@ts3.6 fetched in 312ms
46 http fetch GET 200 https://registry.npmjs.org/@types%2fhas 176ms
47 http fetch GET 200 https://registry.npmjs.org/@types%2fget-intrinsic 199ms
48 silly fetchPackageMetaData error for @types/get-intrinsic@ts3.6 No matching version found for @types/get-intrinsic@ts3.6.
49 http fetch GET 200 https://registry.npmjs.org/@types%2fhas-symbols 102ms
50 http fetch GET 304 https://registry.npmjs.org/@types%2fhttp-errors 112ms (from cache)
51 http fetch GET 304 https://registry.npmjs.org/@types%2fmerge-descriptors 111ms (from cache)
52 http fetch GET 304 https://registry.npmjs.org/@types%2fmedia-typer 112ms (from cache)
53 silly pacote tag manifest for @types/http-errors@ts3.6 fetched in 119ms
54 silly pacote tag manifest for @types/merge-descriptors@ts3.6 fetched in 116ms
55 silly pacote tag manifest for @types/media-typer@ts3.6 fetched in 119ms
56 http fetch GET 200 https://registry.npmjs.org/@types/has/-/has-1.0.0.tgz 111ms
57 http fetch GET 304 https://registry.npmjs.org/@types%2finherits 178ms (from cache)
58 http fetch GET 304 https://registry.npmjs.org/@types%2fmime 153ms (from cache)
59 http fetch GET 304 https://registry.npmjs.org/@types%2fmethods 171ms (from cache)
60 http fetch GET 304 https://registry.npmjs.org/@types%2fmime-db 126ms (from cache)
61 silly pacote tag manifest for @types/mime@ts3.6 fetched in 160ms
62 silly pacote tag manifest for @types/methods@ts3.6 fetched in 177ms
63 silly pacote tag manifest for @types/inherits@ts3.6 fetched in 186ms
64 silly pacote tag manifest for @types/has@ts3.6 fetched in 316ms
65 silly pacote tag manifest for @types/mime-db@ts3.6 fetched in 137ms
66 http fetch GET 200 https://registry.npmjs.org/@types/has-symbols/-/has-symbols-1.0.0.tgz 202ms
67 http fetch GET 200 https://registry.npmjs.org/@types%2fobject-inspect 121ms
68 http fetch GET 304 https://registry.npmjs.org/@types%2fnegotiator 201ms (from cache)
69 http fetch GET 304 https://registry.npmjs.org/@types%2fmime-types 206ms (from cache)
70 http fetch GET 304 https://registry.npmjs.org/@types%2fms 205ms (from cache)
71 silly pacote tag manifest for @types/negotiator@ts3.6 fetched in 211ms
72 silly pacote tag manifest for @types/ms@ts3.6 fetched in 215ms
73 silly pacote tag manifest for @types/mime-types@ts3.6 fetched in 217ms
74 silly pacote tag manifest for @types/has-symbols@ts3.6 fetched in 342ms
75 http fetch GET 304 https://registry.npmjs.org/@types%2fparseurl 153ms (from cache)
76 http fetch GET 304 https://registry.npmjs.org/@types%2fon-finished 155ms (from cache)
77 http fetch GET 304 https://registry.npmjs.org/@types%2fproxy-addr 152ms (from cache)
78 http fetch GET 304 https://registry.npmjs.org/@types%2fqs 159ms (from cache)
79 silly pacote tag manifest for @types/parseurl@ts3.6 fetched in 170ms
80 silly pacote tag manifest for @types/on-finished@ts3.6 fetched in 175ms
81 silly pacote tag manifest for @types/proxy-addr@ts3.6 fetched in 171ms
82 silly pacote tag manifest for @types/qs@ts3.6 fetched in 170ms
83 http fetch GET 200 https://registry.npmjs.org/@types%2ftoidentifier 121ms
84 silly fetchPackageMetaData error for @types/toidentifier@ts3.6 No matching version found for @types/toidentifier@ts3.6.
85 http fetch GET 200 https://registry.npmjs.org/@types/object-inspect/-/object-inspect-1.8.1.tgz 174ms
86 http fetch GET 304 https://registry.npmjs.org/@types%2fstatuses 134ms (from cache)
87 http fetch GET 304 https://registry.npmjs.org/@types%2frange-parser 161ms (from cache)
88 http fetch GET 304 https://registry.npmjs.org/@types%2fserve-static 157ms (from cache)
89 http fetch GET 304 https://registry.npmjs.org/@types%2fsend 163ms (from cache)
90 http fetch GET 304 https://registry.npmjs.org/@types%2ftype-is 135ms (from cache)
91 http fetch GET 304 https://registry.npmjs.org/@types%2fsafer-buffer 168ms (from cache)
92 silly pacote tag manifest for @types/range-parser@ts3.6 fetched in 171ms
93 silly pacote tag manifest for @types/statuses@ts3.6 fetched in 146ms
94 silly pacote tag manifest for @types/serve-static@ts3.6 fetched in 168ms
95 silly pacote tag manifest for @types/type-is@ts3.6 fetched in 144ms
96 silly pacote tag manifest for @types/send@ts3.6 fetched in 173ms
97 silly pacote tag manifest for @types/safer-buffer@ts3.6 fetched in 174ms
98 silly pacote tag manifest for @types/object-inspect@ts3.6 fetched in 324ms
99 http fetch GET 304 https://registry.npmjs.org/@types%2futils-merge 182ms (from cache)
100 silly pacote tag manifest for @types/utils-merge@ts3.6 fetched in 186ms
101 http fetch GET 304 https://registry.npmjs.org/@types%2fvary 166ms (from cache)
102 silly pacote tag manifest for @types/vary@ts3.6 fetched in 168ms
103 http fetch GET 200 https://registry.npmjs.org/@types/function-bind/-/function-bind-1.1.6.tgz 1234ms
104 silly pacote tag manifest for @types/function-bind@ts3.6 fetched in 1370ms
105 timing stage:rollbackFailedOptional Completed in 1ms
106 timing stage:runTopLevelLifecycles Completed in 1900ms
107 verbose type tag
108 verbose stack @types/call-bind: No matching version found for @types/call-bind@ts3.6.
108 verbose stack     at pickManifest (/usr/local/lib/node_modules/npm/node_modules/npm-pick-manifest/index.js:122:13)
108 verbose stack     at /usr/local/lib/node_modules/npm/node_modules/pacote/lib/fetchers/registry/manifest.js:24:14
108 verbose stack     at tryCatcher (/usr/local/lib/node_modules/npm/node_modules/bluebird/js/release/util.js:16:23)
108 verbose stack     at Promise._settlePromiseFromHandler (/usr/local/lib/node_modules/npm/node_modules/bluebird/js/release/promise.js:517:31)
108 verbose stack     at Promise._settlePromise (/usr/local/lib/node_modules/npm/node_modules/bluebird/js/release/promise.js:574:18)
108 verbose stack     at Promise._settlePromise0 (/usr/local/lib/node_modules/npm/node_modules/bluebird/js/release/promise.js:619:10)
108 verbose stack     at Promise._settlePromises (/usr/local/lib/node_modules/npm/node_modules/bluebird/js/release/promise.js:699:18)
108 verbose stack     at _drainQueueStep (/usr/local/lib/node_modules/npm/node_modules/bluebird/js/release/async.js:138:12)
108 verbose stack     at _drainQueue (/usr/local/lib/node_modules/npm/node_modules/bluebird/js/release/async.js:131:9)
108 verbose stack     at Async._drainQueues (/usr/local/lib/node_modules/npm/node_modules/bluebird/js/release/async.js:147:5)
108 verbose stack     at Immediate.Async.drainQueues [as _onImmediate] (/usr/local/lib/node_modules/npm/node_modules/bluebird/js/release/async.js:17:14)
108 verbose stack     at processImmediate (internal/timers.js:456:21)
109 verbose cwd /home/theia/.cache/typescript/3.6
110 verbose Linux 5.10.16.3-microsoft-standard-WSL2
111 verbose argv "/usr/local/bin/node" "/usr/local/bin/npm" "install" "--ignore-scripts" "@types/express@ts3.6" "@types/accepts@ts3.6" "@types/body-parser@ts3.6" "@types/bytes@ts3.6" "@types/call-bind@ts3.6" "@types/content-disposition@ts3.6" "@types/content-type@ts3.6" "@types/cookie@ts3.6" "@types/cookie-signature@ts3.6" "@types/debug@ts3.6" "@types/depd@ts3.6" "@types/destroy@ts3.6" "@types/ee-first@ts3.6" "@types/encodeurl@ts3.6" "@types/escape-html@ts3.6" "@types/etag@ts3.6" "@types/finalhandler@ts3.6" "@types/forwarded@ts3.6" "@types/fresh@ts3.6" "@types/function-bind@ts3.6" "@types/get-intrinsic@ts3.6" "@types/has@ts3.6" "@types/has-symbols@ts3.6" "@types/http-errors@ts3.6" "@types/inherits@ts3.6" "@types/media-typer@ts3.6" "@types/merge-descriptors@ts3.6" "@types/methods@ts3.6" "@types/mime@ts3.6" "@types/mime-db@ts3.6" "@types/mime-types@ts3.6" "@types/ms@ts3.6" "@types/negotiator@ts3.6" "@types/object-inspect@ts3.6" "@types/on-finished@ts3.6" "@types/parseurl@ts3.6" "@types/proxy-addr@ts3.6" "@types/qs@ts3.6" "@types/range-parser@ts3.6" "@types/safer-buffer@ts3.6" "@types/send@ts3.6" "@types/serve-static@ts3.6" "@types/statuses@ts3.6" "@types/toidentifier@ts3.6" "@types/type-is@ts3.6" "@types/utils-merge@ts3.6" "@types/vary@ts3.6" "--save-dev" "--user-agent=typesInstaller/3.6.3"
112 verbose node v12.18.3
113 verbose npm  v6.14.6
114 error code ETARGET
115 error notarget No matching version found for @types/call-bind@ts3.6.
116 error notarget In most cases you or one of your dependencies are requesting
116 error notarget a package version that doesn't exist.
117 verbose exit [ 1, true ]
