0 info it worked if it ends with ok
1 verbose cli [
1 verbose cli   '/usr/local/bin/node',
1 verbose cli   '/usr/local/bin/npm',
1 verbose cli   'install',
1 verbose cli   '--ignore-scripts',
1 verbose cli   '@types/accepts@ts3.6',
1 verbose cli   '@types/are-we-there-yet@ts3.6',
1 verbose cli   '@types/argparse@ts3.6',
1 verbose cli   '@types/asn1@ts3.6',
1 verbose cli   '@types/assert-plus@ts3.6',
1 verbose cli   '@types/autosize@ts3.6',
1 verbose cli   '@types/aws4@ts3.6',
1 verbose cli   '@types/babel-plugin-syntax-jsx@ts3.6',
1 verbose cli   '@types/balanced-match@ts3.6',
1 verbose cli   '@types/bent@ts3.6',
1 verbose cli   '@types/bindings@ts3.6',
1 verbose cli   '@types/body-parser@ts3.6',
1 verbose cli   '@types/brace-expansion@ts3.6',
1 verbose cli   '@types/buffer-crc32@ts3.6',
1 verbose cli   '@types/buffers@ts3.6',
1 verbose cli   '@types/byline@ts3.6',
1 verbose cli   '@types/bytes@ts3.6',
1 verbose cli   '@types/caseless@ts3.6',
1 verbose cli   '@types/checksum@ts3.6',
1 verbose cli   '@types/chownr@ts3.6',
1 verbose cli   '@types/color-convert@ts3.6',
1 verbose cli   '@types/color-name@ts3.6',
1 verbose cli   '@types/combined-stream@ts3.6',
1 verbose cli   '@types/concat-map@ts3.6',
1 verbose cli   '@types/content-disposition@ts3.6',
1 verbose cli   '@types/content-type@ts3.6',
1 verbose cli   '@types/cookie@ts3.6',
1 verbose cli   '@types/cookie-signature@ts3.6',
1 verbose cli   '@types/css-to-react-native@ts3.6',
1 verbose cli   '@types/dashdash@ts3.6',
1 verbose cli   '@types/debug@ts3.6',
1 verbose cli   '@types/decompress@ts3.6',
1 verbose cli   '@types/deep-extend@ts3.6',
1 verbose cli   '@types/delegates@ts3.6',
1 verbose cli   '@types/depd@ts3.6',
1 verbose cli   '@types/destroy@ts3.6',
1 verbose cli   '@types/detect-libc@ts3.6',
1 verbose cli   '@types/diff@ts3.6',
1 verbose cli   '@types/dir-glob@ts3.6',
1 verbose cli   '@types/dompurify@ts3.6',
1 verbose cli   '@types/drivelist@ts3.6',
1 verbose cli   '@types/ee-first@ts3.6',
1 verbose cli   '@types/encodeurl@ts3.6',
1 verbose cli   '@types/end-of-stream@ts3.6',
1 verbose cli   '@types/escape-html@ts3.6',
1 verbose cli   '@types/etag@ts3.6',
1 verbose cli   '@types/event-stream@ts3.6',
1 verbose cli   '@types/express@ts3.6',
1 verbose cli   '@types/extend@ts3.6',
1 verbose cli   '@types/extsprintf@ts3.6',
1 verbose cli   '@types/finalhandler@ts3.6',
1 verbose cli   '@types/forever-agent@ts3.6',
1 verbose cli   '@types/forwarded@ts3.6',
1 verbose cli   '@types/fresh@ts3.6',
1 verbose cli   '@types/from@ts3.6',
1 verbose cli   '@types/fs-extra@ts3.6',
1 verbose cli   '@types/fs-minipass@ts3.6',
1 verbose cli   '@types/getpass@ts3.6',
1 verbose cli   '@types/glob@ts3.6',
1 verbose cli   '@types/graceful-fs@ts3.6',
1 verbose cli   '@types/http-errors@ts3.6',
1 verbose cli   '@types/imurmurhash@ts3.6',
1 verbose cli   '@types/inherits@ts3.6',
1 verbose cli   '@types/ini@ts3.6',
1 verbose cli   '@types/is-natural-number@ts3.6',
1 verbose cli   '@types/is-typedarray@ts3.6',
1 verbose cli   '@types/isarray@ts3.6',
1 verbose cli   '@types/isexe@ts3.6',
1 verbose cli   '@types/isstream@ts3.6',
1 verbose cli   '@types/jsbn@ts3.6',
1 verbose cli   '@types/json-schema@ts3.6',
1 verbose cli   '@types/json-stringify-safe@ts3.6',
1 verbose cli   '@types/jsonfile@ts3.6',
1 verbose cli   '@types/linkify-it@ts3.6',
1 verbose cli   '@types/lodash@ts3.6',
1 verbose cli   '@types/lodash.clonedeep@ts3.6',
1 verbose cli   '@types/lodash.debounce@ts3.6',
1 verbose cli   '@types/lodash.throttle@ts3.6',
1 verbose cli   '@types/markdown-it@ts3.6',
1 verbose cli   '@types/mdurl@ts3.6',
1 verbose cli   '@types/media-typer@ts3.6',
1 verbose cli   '@types/merge-descriptors@ts3.6',
1 verbose cli   '@types/methods@ts3.6',
1 verbose cli   '@types/mime@ts3.6',
1 verbose cli   '@types/mime-db@ts3.6',
1 verbose cli   '@types/mime-types@ts3.6',
1 verbose cli   '@types/minimatch@ts3.6',
1 verbose cli   '@types/minimist@ts3.6',
1 verbose cli   '@types/minizlib@ts3.6',
1 verbose cli   '@types/mkdirp@ts3.6',
1 verbose cli   '@types/ms@ts3.6',
1 verbose cli   '@types/negotiator@ts3.6',
1 verbose cli   '@types/nested-error-stacks@ts3.6',
1 verbose cli   '@types/node-abi@ts3.6',
1 verbose cli   '@types/npmlog@ts3.6',
1 verbose cli   '@types/number-is-nan@ts3.6',
1 verbose cli   ... 79 more items
1 verbose cli ]
2 info using npm@6.14.6
3 info using node@v12.18.3
4 verbose npm-session 3a3ab4aa12edec6f
5 silly install loadCurrentTree
6 silly install readLocalPackageData
7 http fetch GET 200 https://registry.npmjs.org/@types%2fassert-plus 294ms
8 http fetch GET 200 https://registry.npmjs.org/@types%2fbalanced-match 288ms
9 http fetch GET 200 https://registry.npmjs.org/@types%2faccepts 305ms
10 http fetch GET 200 https://registry.npmjs.org/@types%2fasn1 299ms
11 http fetch GET 200 https://registry.npmjs.org/@types%2fare-we-there-yet 309ms
12 http fetch GET 200 https://registry.npmjs.org/@types%2faws4 301ms
13 http fetch GET 200 https://registry.npmjs.org/@types%2fargparse 317ms
14 http fetch GET 200 https://registry.npmjs.org/@types/assert-plus/-/assert-plus-1.0.4.tgz 172ms
15 http fetch GET 200 https://registry.npmjs.org/@types/aws4/-/aws4-1.5.2.tgz 183ms
16 http fetch GET 200 https://registry.npmjs.org/@types/balanced-match/-/balanced-match-1.0.1.tgz 196ms
17 http fetch GET 200 https://registry.npmjs.org/@types/asn1/-/asn1-0.2.0.tgz 198ms
18 http fetch GET 200 https://registry.npmjs.org/@types/are-we-there-yet/-/are-we-there-yet-1.1.0.tgz 190ms
19 http fetch GET 200 https://registry.npmjs.org/@types/accepts/-/accepts-1.3.5.tgz 203ms
20 http fetch GET 200 https://registry.npmjs.org/@types/argparse/-/argparse-1.0.38.tgz 185ms
21 silly pacote tag manifest for @types/assert-plus@ts3.6 fetched in 517ms
22 http fetch GET 200 https://registry.npmjs.org/@types%2fbabel-plugin-syntax-jsx 524ms
23 silly pacote tag manifest for @types/aws4@ts3.6 fetched in 528ms
24 silly pacote tag manifest for @types/balanced-match@ts3.6 fetched in 526ms
25 silly pacote tag manifest for @types/asn1@ts3.6 fetched in 539ms
26 silly pacote tag manifest for @types/are-we-there-yet@ts3.6 fetched in 542ms
27 silly pacote tag manifest for @types/accepts@ts3.6 fetched in 555ms
28 silly pacote tag manifest for @types/argparse@ts3.6 fetched in 548ms
29 http fetch GET 200 https://registry.npmjs.org/@types%2fbytes 82ms
30 http fetch GET 200 https://registry.npmjs.org/@types%2fbrace-expansion 108ms
31 http fetch GET 200 https://registry.npmjs.org/@types/babel-plugin-syntax-jsx/-/babel-plugin-syntax-jsx-6.18.0.tgz 111ms
32 http fetch GET 200 https://registry.npmjs.org/@types%2fbody-parser 118ms
33 silly pacote tag manifest for @types/babel-plugin-syntax-jsx@ts3.6 fetched in 651ms
34 http fetch GET 200 https://registry.npmjs.org/@types%2fbindings 197ms
35 http fetch GET 200 https://registry.npmjs.org/@types%2fcaseless 72ms
36 http fetch GET 200 https://registry.npmjs.org/@types/brace-expansion/-/brace-expansion-1.1.0.tgz 101ms
37 http fetch GET 200 https://registry.npmjs.org/@types/bytes/-/bytes-3.1.1.tgz 118ms
38 http fetch GET 200 https://registry.npmjs.org/@types/body-parser/-/body-parser-1.19.1.tgz 102ms
39 silly pacote tag manifest for @types/brace-expansion@ts3.6 fetched in 224ms
40 silly pacote tag manifest for @types/bytes@ts3.6 fetched in 218ms
41 silly pacote tag manifest for @types/body-parser@ts3.6 fetched in 233ms
42 http fetch GET 200 https://registry.npmjs.org/@types/bindings/-/bindings-1.5.1.tgz 106ms
43 http fetch GET 200 https://registry.npmjs.org/@types/caseless/-/caseless-0.12.2.tgz 88ms
44 silly pacote tag manifest for @types/bindings@ts3.6 fetched in 320ms
45 silly pacote tag manifest for @types/caseless@ts3.6 fetched in 189ms
46 http fetch GET 200 https://registry.npmjs.org/@types%2fcolor-convert 85ms
47 http fetch GET 200 https://registry.npmjs.org/@types%2fchecksum 116ms
48 http fetch GET 200 https://registry.npmjs.org/@types%2fchownr 111ms
49 http fetch GET 200 https://registry.npmjs.org/@types%2fcombined-stream 98ms
50 http fetch GET 200 https://registry.npmjs.org/@types/color-convert/-/color-convert-2.0.0.tgz 91ms
51 silly pacote tag manifest for @types/color-convert@ts3.6 fetched in 197ms
52 http fetch GET 200 https://registry.npmjs.org/@types%2fcolor-name 126ms
53 http fetch GET 200 https://registry.npmjs.org/@types/chownr/-/chownr-1.0.0.tgz 88ms
54 silly pacote tag manifest for @types/chownr@ts3.6 fetched in 209ms
55 http fetch GET 200 https://registry.npmjs.org/@types/checksum/-/checksum-0.1.33.tgz 162ms
56 http fetch GET 200 https://registry.npmjs.org/@types/color-name/-/color-name-1.1.1.tgz 69ms
57 http fetch GET 200 https://registry.npmjs.org/@types%2fcontent-disposition 62ms
58 silly pacote tag manifest for @types/checksum@ts3.6 fetched in 289ms
59 silly pacote tag manifest for @types/color-name@ts3.6 fetched in 213ms
60 http fetch GET 200 https://registry.npmjs.org/@types%2fconcat-map 96ms
61 http fetch GET 200 https://registry.npmjs.org/@types/combined-stream/-/combined-stream-1.0.3.tgz 129ms
62 silly pacote tag manifest for @types/combined-stream@ts3.6 fetched in 234ms
63 http fetch GET 200 https://registry.npmjs.org/@types/content-disposition/-/content-disposition-0.5.4.tgz 75ms
64 silly pacote tag manifest for @types/content-disposition@ts3.6 fetched in 155ms
65 http fetch GET 200 https://registry.npmjs.org/@types/concat-map/-/concat-map-0.0.1.tgz 74ms
66 silly pacote tag manifest for @types/concat-map@ts3.6 fetched in 179ms
67 http fetch GET 200 https://registry.npmjs.org/@types%2fcookie 92ms
68 http fetch GET 200 https://registry.npmjs.org/@types%2fcookie-signature 123ms
69 http fetch GET 200 https://registry.npmjs.org/@types%2fcontent-type 160ms
70 http fetch GET 200 https://registry.npmjs.org/@types%2fcss-to-react-native 110ms
71 http fetch GET 200 https://registry.npmjs.org/@types%2fdashdash 100ms
72 http fetch GET 200 https://registry.npmjs.org/@types/cookie/-/cookie-0.4.1.tgz 117ms
73 silly pacote tag manifest for @types/cookie@ts3.6 fetched in 217ms
74 http fetch GET 200 https://registry.npmjs.org/@types/cookie-signature/-/cookie-signature-1.0.3.tgz 83ms
75 http fetch GET 200 https://registry.npmjs.org/@types/content-type/-/content-type-1.1.5.tgz 83ms
76 silly pacote tag manifest for @types/cookie-signature@ts3.6 fetched in 217ms
77 silly pacote tag manifest for @types/content-type@ts3.6 fetched in 252ms
78 http fetch GET 200 https://registry.npmjs.org/@types%2fdebug 72ms
79 http fetch GET 200 https://registry.npmjs.org/@types/debug/-/debug-4.1.7.tgz 81ms
80 http fetch GET 200 https://registry.npmjs.org/@types%2fdecompress 147ms
81 silly pacote tag manifest for @types/debug@ts3.6 fetched in 181ms
82 http fetch GET 200 https://registry.npmjs.org/@types%2fdeep-extend 164ms
83 http fetch GET 200 https://registry.npmjs.org/@types/dashdash/-/dashdash-1.14.1.tgz 220ms
84 silly pacote tag manifest for @types/dashdash@ts3.6 fetched in 332ms
85 http fetch GET 200 https://registry.npmjs.org/@types%2fdelegates 93ms
86 silly fetchPackageMetaData error for @types/delegates@ts3.6 No matching version found for @types/delegates@ts3.6.
87 http fetch GET 200 https://registry.npmjs.org/@types%2fdepd 90ms
88 http fetch GET 200 https://registry.npmjs.org/@types/depd/-/depd-1.1.32.tgz 86ms
89 http fetch GET 200 https://registry.npmjs.org/@types%2fdestroy 106ms
90 silly pacote tag manifest for @types/depd@ts3.6 fetched in 186ms
91 http fetch GET 200 https://registry.npmjs.org/@types/destroy/-/destroy-1.0.0.tgz 83ms
92 silly pacote tag manifest for @types/destroy@ts3.6 fetched in 200ms
93 http fetch GET 200 https://registry.npmjs.org/@types%2fdetect-libc 88ms
94 http fetch GET 200 https://registry.npmjs.org/@types%2fbuffer-crc32 1230ms
95 http fetch GET 200 https://registry.npmjs.org/@types/detect-libc/-/detect-libc-1.0.0.tgz 62ms
96 silly pacote tag manifest for @types/detect-libc@ts3.6 fetched in 157ms
97 http fetch GET 200 https://registry.npmjs.org/@types%2fdir-glob 64ms
98 http fetch GET 200 https://registry.npmjs.org/@types%2fdiff 136ms
99 http fetch GET 200 https://registry.npmjs.org/@types/dir-glob/-/dir-glob-2.0.1.tgz 80ms
100 silly pacote tag manifest for @types/dir-glob@ts3.6 fetched in 154ms
101 http fetch GET 200 https://registry.npmjs.org/@types%2fdompurify 155ms
102 http fetch GET 200 https://registry.npmjs.org/@types/buffer-crc32/-/buffer-crc32-0.2.0.tgz 399ms
103 silly pacote tag manifest for @types/buffer-crc32@ts3.6 fetched in 1639ms
104 http fetch GET 200 https://registry.npmjs.org/@types%2fbent 2473ms
105 http fetch GET 200 https://registry.npmjs.org/@types/css-to-react-native/-/css-to-react-native-3.0.0.tgz 1273ms
106 silly pacote tag manifest for @types/css-to-react-native@ts3.6 fetched in 1392ms
107 http fetch GET 200 https://registry.npmjs.org/@types/deep-extend/-/deep-extend-0.4.31.tgz 1195ms
108 silly pacote tag manifest for @types/deep-extend@ts3.6 fetched in 1382ms
109 http fetch GET 200 https://registry.npmjs.org/@types/decompress/-/decompress-4.2.4.tgz 1244ms
110 http fetch GET 200 https://registry.npmjs.org/@types%2fee-first 168ms
111 silly pacote tag manifest for @types/decompress@ts3.6 fetched in 1403ms
112 http fetch GET 200 https://registry.npmjs.org/@types%2fencodeurl 65ms
113 http fetch GET 200 https://registry.npmjs.org/@types%2fend-of-stream 127ms
114 http fetch GET 200 https://registry.npmjs.org/@types/encodeurl/-/encodeurl-1.0.0.tgz 94ms
115 silly pacote tag manifest for @types/encodeurl@ts3.6 fetched in 168ms
116 http fetch GET 200 https://registry.npmjs.org/@types/ee-first/-/ee-first-1.1.0.tgz 172ms
117 silly pacote tag manifest for @types/ee-first@ts3.6 fetched in 350ms
118 http fetch GET 200 https://registry.npmjs.org/@types%2fautosize 2880ms
119 http fetch GET 200 https://registry.npmjs.org/@types%2fbuffers 2367ms
120 http fetch GET 200 https://registry.npmjs.org/@types%2fbyline 2364ms
121 http fetch GET 200 https://registry.npmjs.org/@types%2fescape-html 100ms
122 http fetch GET 200 https://registry.npmjs.org/@types%2fetag 103ms
123 http fetch GET 200 https://registry.npmjs.org/@types/end-of-stream/-/end-of-stream-1.4.1.tgz 197ms
124 silly pacote tag manifest for @types/end-of-stream@ts3.6 fetched in 333ms
125 http fetch GET 200 https://registry.npmjs.org/@types/escape-html/-/escape-html-1.0.1.tgz 92ms
126 silly pacote tag manifest for @types/escape-html@ts3.6 fetched in 201ms
127 http fetch GET 200 https://registry.npmjs.org/@types/etag/-/etag-1.8.1.tgz 89ms
128 silly pacote tag manifest for @types/etag@ts3.6 fetched in 201ms
129 http fetch GET 200 https://registry.npmjs.org/@types%2fexpress 80ms
130 http fetch GET 200 https://registry.npmjs.org/@types%2fextend 104ms
131 http fetch GET 200 https://registry.npmjs.org/@types/diff/-/diff-5.0.1.tgz 1315ms
132 http fetch GET 200 https://registry.npmjs.org/@types%2fevent-stream 171ms
133 silly pacote tag manifest for @types/diff@ts3.6 fetched in 1463ms
134 http fetch GET 200 https://registry.npmjs.org/@types/express/-/express-4.17.13.tgz 95ms
135 silly pacote tag manifest for @types/express@ts3.6 fetched in 184ms
136 http fetch GET 200 https://registry.npmjs.org/@types/extend/-/extend-3.0.1.tgz 95ms
137 silly pacote tag manifest for @types/extend@ts3.6 fetched in 207ms
138 http fetch GET 200 https://registry.npmjs.org/@types%2fextsprintf 81ms
139 http fetch GET 200 https://registry.npmjs.org/@types%2ffinalhandler 93ms
140 http fetch GET 200 https://registry.npmjs.org/@types/dompurify/-/dompurify-2.2.3.tgz 1235ms
141 silly pacote tag manifest for @types/dompurify@ts3.6 fetched in 1398ms
142 http fetch GET 200 https://registry.npmjs.org/@types/finalhandler/-/finalhandler-1.1.1.tgz 74ms
143 http fetch GET 200 https://registry.npmjs.org/@types/extsprintf/-/extsprintf-1.4.1.tgz 111ms
144 silly pacote tag manifest for @types/finalhandler@ts3.6 fetched in 175ms
145 silly pacote tag manifest for @types/extsprintf@ts3.6 fetched in 200ms
146 http fetch GET 200 https://registry.npmjs.org/@types%2fforever-agent 146ms
147 http fetch GET 200 https://registry.npmjs.org/@types%2fforwarded 80ms
148 http fetch GET 200 https://registry.npmjs.org/@types%2ffresh 118ms
149 http fetch GET 200 https://registry.npmjs.org/@types/forwarded/-/forwarded-0.1.0.tgz 89ms
150 silly pacote tag manifest for @types/forwarded@ts3.6 fetched in 176ms
151 http fetch GET 200 https://registry.npmjs.org/@types/forever-agent/-/forever-agent-0.6.1.tgz 132ms
152 http fetch GET 200 https://registry.npmjs.org/@types%2ffrom 153ms
153 silly pacote tag manifest for @types/forever-agent@ts3.6 fetched in 288ms
154 http fetch GET 200 https://registry.npmjs.org/@types/fresh/-/fresh-0.5.0.tgz 95ms
155 silly pacote tag manifest for @types/fresh@ts3.6 fetched in 228ms
156 http fetch GET 200 https://registry.npmjs.org/@types%2ffs-extra 104ms
157 http fetch GET 200 https://registry.npmjs.org/@types%2ffs-minipass 97ms
158 silly fetchPackageMetaData error for @types/fs-minipass@ts3.6 No matching version found for @types/fs-minipass@ts3.6.
159 http fetch GET 200 https://registry.npmjs.org/@types/bent/-/bent-7.3.2.tgz 1210ms
160 silly pacote tag manifest for @types/bent@ts3.6 fetched in 3690ms
161 http fetch GET 200 https://registry.npmjs.org/@types/fs-extra/-/fs-extra-9.0.6.tgz 76ms
162 silly pacote tag manifest for @types/fs-extra@ts3.6 fetched in 187ms
163 http fetch GET 200 https://registry.npmjs.org/@types%2fgetpass 105ms
164 http fetch GET 200 https://registry.npmjs.org/@types%2fglob 112ms
165 http fetch GET 200 https://registry.npmjs.org/@types%2fhttp-errors 87ms
166 http fetch GET 200 https://registry.npmjs.org/@types/glob/-/glob-7.1.4.tgz 81ms
167 http fetch GET 200 https://registry.npmjs.org/@types/getpass/-/getpass-0.1.1.tgz 124ms
168 silly pacote tag manifest for @types/glob@ts3.6 fetched in 213ms
169 silly pacote tag manifest for @types/getpass@ts3.6 fetched in 248ms
170 http fetch GET 200 https://registry.npmjs.org/@types%2fgraceful-fs 201ms
171 http fetch GET 200 https://registry.npmjs.org/@types/http-errors/-/http-errors-1.8.1.tgz 89ms
172 silly pacote tag manifest for @types/http-errors@ts3.6 fetched in 184ms
173 http fetch GET 200 https://registry.npmjs.org/@types%2fimurmurhash 83ms
174 http fetch GET 200 https://registry.npmjs.org/@types%2finherits 88ms
175 http fetch GET 200 https://registry.npmjs.org/@types/graceful-fs/-/graceful-fs-4.1.4.tgz 90ms
176 silly pacote tag manifest for @types/graceful-fs@ts3.6 fetched in 298ms
177 http fetch GET 200 https://registry.npmjs.org/@types%2fini 89ms
178 http fetch GET 200 https://registry.npmjs.org/@types/inherits/-/inherits-0.0.30.tgz 72ms
179 silly pacote tag manifest for @types/inherits@ts3.6 fetched in 168ms
180 http fetch GET 200 https://registry.npmjs.org/@types/imurmurhash/-/imurmurhash-0.1.1.tgz 99ms
181 http fetch GET 200 https://registry.npmjs.org/@types/ini/-/ini-1.3.30.tgz 64ms
182 silly pacote tag manifest for @types/imurmurhash@ts3.6 fetched in 190ms
183 silly pacote tag manifest for @types/ini@ts3.6 fetched in 164ms
184 http fetch GET 200 https://registry.npmjs.org/@types/buffers/-/buffers-0.1.31.tgz 1198ms
185 silly pacote tag manifest for @types/buffers@ts3.6 fetched in 3573ms
186 http fetch GET 200 https://registry.npmjs.org/@types/byline/-/byline-4.2.33.tgz 1212ms
187 silly pacote tag manifest for @types/byline@ts3.6 fetched in 3589ms
188 http fetch GET 200 https://registry.npmjs.org/@types%2fis-typedarray 75ms
189 http fetch GET 200 https://registry.npmjs.org/@types/autosize/-/autosize-4.0.0.tgz 1276ms
190 http fetch GET 200 https://registry.npmjs.org/@types%2fisarray 79ms
191 silly pacote tag manifest for @types/autosize@ts3.6 fetched in 4166ms
192 http fetch GET 200 https://registry.npmjs.org/@types%2fisexe 97ms
193 http fetch GET 200 https://registry.npmjs.org/@types%2fisstream 87ms
194 http fetch GET 200 https://registry.npmjs.org/@types%2fjsbn 73ms
195 http fetch GET 200 https://registry.npmjs.org/@types/is-typedarray/-/is-typedarray-1.0.0.tgz 88ms
196 silly pacote tag manifest for @types/is-typedarray@ts3.6 fetched in 171ms
197 http fetch GET 200 https://registry.npmjs.org/@types/isstream/-/isstream-0.1.0.tgz 65ms
198 silly pacote tag manifest for @types/isstream@ts3.6 fetched in 165ms
199 http fetch GET 200 https://registry.npmjs.org/@types%2fjson-schema 111ms
200 http fetch GET 200 https://registry.npmjs.org/@types/jsbn/-/jsbn-1.2.29.tgz 85ms
201 silly pacote tag manifest for @types/jsbn@ts3.6 fetched in 176ms
202 http fetch GET 200 https://registry.npmjs.org/@types/isarray/-/isarray-2.0.0.tgz 147ms
203 http fetch GET 200 https://registry.npmjs.org/@types%2fjson-stringify-safe 77ms
204 http fetch GET 200 https://registry.npmjs.org/@types/isexe/-/isexe-2.0.1.tgz 125ms
205 silly pacote tag manifest for @types/isarray@ts3.6 fetched in 239ms
206 silly pacote tag manifest for @types/isexe@ts3.6 fetched in 236ms
207 http fetch GET 200 https://registry.npmjs.org/@types/json-schema/-/json-schema-7.0.9.tgz 78ms
208 http fetch GET 200 https://registry.npmjs.org/@types%2fjsonfile 88ms
209 silly pacote tag manifest for @types/json-schema@ts3.6 fetched in 207ms
210 http fetch GET 200 https://registry.npmjs.org/@types/json-stringify-safe/-/json-stringify-safe-5.0.0.tgz 95ms
211 silly pacote tag manifest for @types/json-stringify-safe@ts3.6 fetched in 208ms
212 http fetch GET 200 https://registry.npmjs.org/@types/jsonfile/-/jsonfile-6.0.1.tgz 73ms
213 http fetch GET 200 https://registry.npmjs.org/@types%2flinkify-it 134ms
214 http fetch GET 200 https://registry.npmjs.org/@types%2flodash.clonedeep 124ms
215 http fetch GET 200 https://registry.npmjs.org/@types%2flodash 127ms
216 silly pacote tag manifest for @types/jsonfile@ts3.6 fetched in 183ms
217 http fetch GET 200 https://registry.npmjs.org/@types%2flodash.debounce 98ms
218 http fetch GET 200 https://registry.npmjs.org/@types/event-stream/-/event-stream-3.3.34.tgz 1283ms
219 silly pacote tag manifest for @types/event-stream@ts3.6 fetched in 1461ms
220 http fetch GET 200 https://registry.npmjs.org/@types/linkify-it/-/linkify-it-3.0.2.tgz 118ms
221 http fetch GET 200 https://registry.npmjs.org/@types%2flodash.throttle 125ms
222 http fetch GET 200 https://registry.npmjs.org/@types/lodash.debounce/-/lodash.debounce-4.0.6.tgz 90ms
223 silly pacote tag manifest for @types/linkify-it@ts3.6 fetched in 265ms
224 silly pacote tag manifest for @types/lodash.debounce@ts3.6 fetched in 201ms
225 http fetch GET 200 https://registry.npmjs.org/@types%2fdrivelist 2420ms
226 http fetch GET 200 https://registry.npmjs.org/@types%2fmdurl 103ms
227 http fetch GET 200 https://registry.npmjs.org/@types%2fmarkdown-it 164ms
228 http fetch GET 200 https://registry.npmjs.org/@types%2fmedia-typer 81ms
229 http fetch GET 200 https://registry.npmjs.org/@types%2fmerge-descriptors 78ms
230 http fetch GET 200 https://registry.npmjs.org/@types/mdurl/-/mdurl-1.0.2.tgz 93ms
231 silly pacote tag manifest for @types/mdurl@ts3.6 fetched in 204ms
232 http fetch GET 200 https://registry.npmjs.org/@types/media-typer/-/media-typer-1.1.1.tgz 78ms
233 http fetch GET 200 https://registry.npmjs.org/@types/merge-descriptors/-/merge-descriptors-1.0.1.tgz 78ms
234 silly pacote tag manifest for @types/media-typer@ts3.6 fetched in 167ms
235 silly pacote tag manifest for @types/merge-descriptors@ts3.6 fetched in 166ms
236 http fetch GET 200 https://registry.npmjs.org/@types%2fmethods 66ms
237 http fetch GET 200 https://registry.npmjs.org/@types%2fmime 66ms
238 http fetch GET 200 https://registry.npmjs.org/@types%2fmime-db 75ms
239 http fetch GET 200 https://registry.npmjs.org/@types/from/-/from-0.1.29.tgz 1353ms
240 http fetch GET 200 https://registry.npmjs.org/@types/lodash/-/lodash-4.14.172.tgz 468ms
241 http fetch GET 200 https://registry.npmjs.org/@types/mime-db/-/mime-db-1.43.1.tgz 103ms
242 http fetch GET 200 https://registry.npmjs.org/@types/mime/-/mime-2.0.3.tgz 114ms
243 silly pacote tag manifest for @types/from@ts3.6 fetched in 1515ms
244 silly pacote tag manifest for @types/mime-db@ts3.6 fetched in 189ms
245 silly pacote tag manifest for @types/lodash@ts3.6 fetched in 614ms
246 silly pacote tag manifest for @types/mime@ts3.6 fetched in 199ms
247 http fetch GET 200 https://registry.npmjs.org/@types/methods/-/methods-1.1.1.tgz 183ms
248 silly pacote tag manifest for @types/methods@ts3.6 fetched in 254ms
249 http fetch GET 200 https://registry.npmjs.org/@types%2fminizlib 89ms
250 http fetch GET 200 https://registry.npmjs.org/@types%2fmime-types 100ms
251 http fetch GET 200 https://registry.npmjs.org/@types%2fmkdirp 77ms
252 http fetch GET 200 https://registry.npmjs.org/@types%2fminimatch 110ms
253 http fetch GET 200 https://registry.npmjs.org/@types%2fminimist 111ms
254 http fetch GET 200 https://registry.npmjs.org/@types/mkdirp/-/mkdirp-1.0.2.tgz 57ms
255 silly pacote tag manifest for @types/mkdirp@ts3.6 fetched in 144ms
256 http fetch GET 200 https://registry.npmjs.org/@types/mime-types/-/mime-types-2.1.1.tgz 80ms
257 http fetch GET 200 https://registry.npmjs.org/@types/minimist/-/minimist-1.2.2.tgz 66ms
258 http fetch GET 200 https://registry.npmjs.org/@types/minizlib/-/minizlib-2.1.2.tgz 87ms
259 silly pacote tag manifest for @types/minimist@ts3.6 fetched in 190ms
260 silly pacote tag manifest for @types/mime-types@ts3.6 fetched in 197ms
261 http fetch GET 200 https://registry.npmjs.org/@types/minimatch/-/minimatch-3.0.5.tgz 87ms
262 silly pacote tag manifest for @types/minizlib@ts3.6 fetched in 192ms
263 silly pacote tag manifest for @types/minimatch@ts3.6 fetched in 206ms
264 http fetch GET 200 https://registry.npmjs.org/@types%2fms 60ms
265 http fetch GET 200 https://registry.npmjs.org/@types%2fnegotiator 57ms
266 http fetch GET 200 https://registry.npmjs.org/@types/ms/-/ms-0.7.31.tgz 64ms
267 silly pacote tag manifest for @types/ms@ts3.6 fetched in 134ms
268 http fetch GET 200 https://registry.npmjs.org/@types%2fnpmlog 96ms
269 http fetch GET 200 https://registry.npmjs.org/@types%2fnested-error-stacks 140ms
270 http fetch GET 200 https://registry.npmjs.org/@types/negotiator/-/negotiator-0.6.1.tgz 83ms
271 silly pacote tag manifest for @types/negotiator@ts3.6 fetched in 150ms
272 http fetch GET 200 https://registry.npmjs.org/@types/npmlog/-/npmlog-4.1.3.tgz 118ms
273 http fetch GET 200 https://registry.npmjs.org/@types%2fnumber-is-nan 122ms
274 http fetch GET 200 https://registry.npmjs.org/@types%2fobject-assign 80ms
275 silly pacote tag manifest for @types/npmlog@ts3.6 fetched in 230ms
276 http fetch GET 200 https://registry.npmjs.org/@types/nested-error-stacks/-/nested-error-stacks-2.1.0.tgz 140ms
277 silly pacote tag manifest for @types/nested-error-stacks@ts3.6 fetched in 289ms
278 http fetch GET 200 https://registry.npmjs.org/@types%2fon-finished 80ms
279 http fetch GET 200 https://registry.npmjs.org/@types/object-assign/-/object-assign-4.0.30.tgz 87ms
280 silly pacote tag manifest for @types/object-assign@ts3.6 fetched in 179ms
281 http fetch GET 200 https://registry.npmjs.org/@types%2fonce 80ms
282 http fetch GET 200 https://registry.npmjs.org/@types/on-finished/-/on-finished-2.3.1.tgz 88ms
283 silly pacote tag manifest for @types/on-finished@ts3.6 fetched in 178ms
284 http fetch GET 200 https://registry.npmjs.org/@types/once/-/once-1.4.0.tgz 75ms
285 silly pacote tag manifest for @types/once@ts3.6 fetched in 163ms
286 http fetch GET 200 https://registry.npmjs.org/@types%2fos-homedir 50ms
287 http fetch GET 200 https://registry.npmjs.org/@types/lodash.clonedeep/-/lodash.clonedeep-4.5.6.tgz 1211ms
288 silly pacote tag manifest for @types/lodash.clonedeep@ts3.6 fetched in 1347ms
289 http fetch GET 200 https://registry.npmjs.org/@types%2foptimist 141ms
290 http fetch GET 200 https://registry.npmjs.org/@types/os-homedir/-/os-homedir-1.0.0.tgz 130ms
291 silly pacote tag manifest for @types/os-homedir@ts3.6 fetched in 186ms
292 http fetch GET 200 https://registry.npmjs.org/@types/optimist/-/optimist-0.0.30.tgz 98ms
293 http fetch GET 200 https://registry.npmjs.org/@types%2fparseurl 120ms
294 http fetch GET 200 https://registry.npmjs.org/@types/drivelist/-/drivelist-6.4.2.tgz 1193ms
295 silly pacote tag manifest for @types/optimist@ts3.6 fetched in 252ms
296 silly pacote tag manifest for @types/drivelist@ts3.6 fetched in 3625ms
297 http fetch GET 200 https://registry.npmjs.org/@types%2fpath-is-absolute 85ms
298 http fetch GET 200 https://registry.npmjs.org/@types/markdown-it/-/markdown-it-12.2.0.tgz 1235ms
299 http fetch GET 200 https://registry.npmjs.org/@types/parseurl/-/parseurl-1.3.1.tgz 79ms
300 silly pacote tag manifest for @types/markdown-it@ts3.6 fetched in 1417ms
301 http fetch GET 200 https://registry.npmjs.org/@types%2fpify 83ms
302 silly pacote tag manifest for @types/parseurl@ts3.6 fetched in 225ms
303 http fetch GET 200 https://registry.npmjs.org/@types/lodash.throttle/-/lodash.throttle-4.1.6.tgz 1330ms
304 silly pacote tag manifest for @types/lodash.throttle@ts3.6 fetched in 1464ms
305 http fetch GET 200 https://registry.npmjs.org/@types/path-is-absolute/-/path-is-absolute-1.0.0.tgz 69ms
306 silly pacote tag manifest for @types/path-is-absolute@ts3.6 fetched in 161ms
307 http fetch GET 200 https://registry.npmjs.org/@types%2fprogress 101ms
308 http fetch GET 200 https://registry.npmjs.org/@types/pify/-/pify-5.0.1.tgz 93ms
309 http fetch GET 200 https://registry.npmjs.org/@types%2fproxy-addr 79ms
310 http fetch GET 200 https://registry.npmjs.org/@types%2fprop-types 91ms
311 silly pacote tag manifest for @types/pify@ts3.6 fetched in 194ms
312 http fetch GET 200 https://registry.npmjs.org/@types%2fproxy-from-env 72ms
313 http fetch GET 200 https://registry.npmjs.org/@types/proxy-addr/-/proxy-addr-2.0.0.tgz 55ms
314 silly pacote tag manifest for @types/proxy-addr@ts3.6 fetched in 144ms
315 http fetch GET 200 https://registry.npmjs.org/@types/progress/-/progress-2.0.5.tgz 67ms
316 silly pacote tag manifest for @types/progress@ts3.6 fetched in 177ms
317 http fetch GET 200 https://registry.npmjs.org/@types/prop-types/-/prop-types-15.7.4.tgz 104ms
318 silly pacote tag manifest for @types/prop-types@ts3.6 fetched in 219ms
319 http fetch GET 200 https://registry.npmjs.org/@types/proxy-from-env/-/proxy-from-env-1.0.1.tgz 120ms
320 http fetch GET 200 https://registry.npmjs.org/@types%2fpsl 80ms
321 http fetch GET 200 https://registry.npmjs.org/@types%2fpump 81ms
322 silly pacote tag manifest for @types/proxy-from-env@ts3.6 fetched in 210ms
323 http fetch GET 200 https://registry.npmjs.org/@types%2fpunycode 85ms
324 http fetch GET 200 https://registry.npmjs.org/@types/pump/-/pump-1.1.1.tgz 91ms
325 http fetch GET 200 https://registry.npmjs.org/@types%2fqs 90ms
326 http fetch GET 200 https://registry.npmjs.org/@types/psl/-/psl-1.1.0.tgz 101ms
327 silly pacote tag manifest for @types/pump@ts3.6 fetched in 188ms
328 silly pacote tag manifest for @types/psl@ts3.6 fetched in 197ms
329 http fetch GET 200 https://registry.npmjs.org/@types%2fis-natural-number 2316ms
330 http fetch GET 200 https://registry.npmjs.org/@types/punycode/-/punycode-2.1.0.tgz 108ms
331 http fetch GET 200 https://registry.npmjs.org/@types%2frange-parser 75ms
332 http fetch GET 200 https://registry.npmjs.org/@types/qs/-/qs-6.9.7.tgz 90ms
333 silly pacote tag manifest for @types/punycode@ts3.6 fetched in 215ms
334 silly pacote tag manifest for @types/qs@ts3.6 fetched in 198ms
335 http fetch GET 200 https://registry.npmjs.org/@types%2frc 118ms
336 http fetch GET 200 https://registry.npmjs.org/@types/range-parser/-/range-parser-1.2.4.tgz 102ms
337 silly pacote tag manifest for @types/range-parser@ts3.6 fetched in 188ms
338 http fetch GET 200 https://registry.npmjs.org/@types%2freact-dom 115ms
339 http fetch GET 200 https://registry.npmjs.org/@types%2freact-is 87ms
340 http fetch GET 200 https://registry.npmjs.org/@types/react-dom/-/react-dom-17.0.9.tgz 64ms
341 silly pacote tag manifest for @types/react-dom@ts3.6 fetched in 208ms
342 http fetch GET 200 https://registry.npmjs.org/@types%2freact 221ms
343 http fetch GET 200 https://registry.npmjs.org/@types/number-is-nan/-/number-is-nan-2.0.0.tgz 1212ms
344 silly pacote tag manifest for @types/number-is-nan@ts3.6 fetched in 1344ms
345 http fetch GET 200 https://registry.npmjs.org/@types/react-is/-/react-is-17.0.2.tgz 74ms
346 silly pacote tag manifest for @types/react-is@ts3.6 fetched in 174ms
347 http fetch GET 200 https://registry.npmjs.org/@types%2freact-lifecycles-compat 61ms
348 http fetch GET 200 https://registry.npmjs.org/@types/react/-/react-17.0.19.tgz 71ms
349 silly pacote tag manifest for @types/react@ts3.6 fetched in 304ms
350 http fetch GET 200 https://registry.npmjs.org/@types/react-lifecycles-compat/-/react-lifecycles-compat-3.0.1.tgz 56ms
351 silly pacote tag manifest for @types/react-lifecycles-compat@ts3.6 fetched in 124ms
352 http fetch GET 200 https://registry.npmjs.org/@types%2freadable-stream 83ms
353 http fetch GET 200 https://registry.npmjs.org/@types%2fregenerator-runtime 94ms
354 http fetch GET 200 https://registry.npmjs.org/@types%2frequest 111ms
355 http fetch GET 200 https://registry.npmjs.org/@types/regenerator-runtime/-/regenerator-runtime-0.13.1.tgz 83ms
356 silly pacote tag manifest for @types/regenerator-runtime@ts3.6 fetched in 186ms
357 http fetch GET 200 https://registry.npmjs.org/@types/readable-stream/-/readable-stream-2.3.11.tgz 130ms
358 silly pacote tag manifest for @types/readable-stream@ts3.6 fetched in 221ms
359 http fetch GET 200 https://registry.npmjs.org/@types/request/-/request-2.48.7.tgz 75ms
360 silly pacote tag manifest for @types/request@ts3.6 fetched in 194ms
361 http fetch GET 200 https://registry.npmjs.org/@types%2frequire-directory 99ms
362 http fetch GET 200 https://registry.npmjs.org/@types%2frimraf 71ms
363 http fetch GET 200 https://registry.npmjs.org/@types%2frequestretry 122ms
364 http fetch GET 200 https://registry.npmjs.org/@types/require-directory/-/require-directory-2.1.2.tgz 77ms
365 silly pacote tag manifest for @types/require-directory@ts3.6 fetched in 187ms
366 http fetch GET 200 https://registry.npmjs.org/@types/rimraf/-/rimraf-3.0.2.tgz 83ms
367 silly pacote tag manifest for @types/rimraf@ts3.6 fetched in 162ms
368 http fetch GET 200 https://registry.npmjs.org/@types%2fsafer-buffer 122ms
369 http fetch GET 200 https://registry.npmjs.org/@types/safer-buffer/-/safer-buffer-2.1.0.tgz 77ms
370 silly pacote tag manifest for @types/safer-buffer@ts3.6 fetched in 206ms
371 http fetch GET 200 https://registry.npmjs.org/@types%2fsanitize-html 138ms
372 http fetch GET 200 https://registry.npmjs.org/@types%2fnode-abi 2353ms
373 http fetch GET 200 https://registry.npmjs.org/@types/is-natural-number/-/is-natural-number-4.0.0.tgz 1273ms
374 silly pacote tag manifest for @types/is-natural-number@ts3.6 fetched in 3597ms
375 http fetch GET 200 https://registry.npmjs.org/@types/rc/-/rc-1.2.0.tgz 1276ms
376 silly pacote tag manifest for @types/rc@ts3.6 fetched in 1402ms
377 http fetch GET 200 https://registry.npmjs.org/@types%2fscheduler 102ms
378 http fetch GET 200 https://registry.npmjs.org/@types%2fsemver 119ms
379 http fetch GET 200 https://registry.npmjs.org/@types/scheduler/-/scheduler-0.16.2.tgz 86ms
380 http fetch GET 200 https://registry.npmjs.org/@types%2foniguruma 2328ms
381 silly pacote tag manifest for @types/scheduler@ts3.6 fetched in 197ms
382 http fetch GET 200 https://registry.npmjs.org/@types/semver/-/semver-7.3.8.tgz 88ms
383 silly pacote tag manifest for @types/semver@ts3.6 fetched in 215ms
384 http fetch GET 200 https://registry.npmjs.org/@types%2fsend 88ms
385 http fetch GET 200 https://registry.npmjs.org/@types%2freact-virtualized 1336ms
386 http fetch GET 200 https://registry.npmjs.org/@types%2fserve-static 68ms
387 http fetch GET 200 https://registry.npmjs.org/@types/send/-/send-0.17.1.tgz 64ms
388 silly pacote tag manifest for @types/send@ts3.6 fetched in 159ms
389 http fetch GET 200 https://registry.npmjs.org/@types%2fset-blocking 80ms
390 silly fetchPackageMetaData error for @types/set-blocking@ts3.6 No matching version found for @types/set-blocking@ts3.6.
391 http fetch GET 200 https://registry.npmjs.org/@types%2fpdfobject 2300ms
392 http fetch GET 200 https://registry.npmjs.org/@types/requestretry/-/requestretry-1.12.8.tgz 1248ms
393 silly pacote tag manifest for @types/requestretry@ts3.6 fetched in 1377ms
394 http fetch GET 200 https://registry.npmjs.org/@types/oniguruma/-/oniguruma-7.0.1.tgz 436ms
395 silly pacote tag manifest for @types/oniguruma@ts3.6 fetched in 2772ms
396 http fetch GET 200 https://registry.npmjs.org/@types%2fsignal-exit 59ms
397 http fetch GET 200 https://registry.npmjs.org/@types/signal-exit/-/signal-exit-3.0.1.tgz 88ms
398 silly pacote tag manifest for @types/signal-exit@ts3.6 fetched in 155ms
399 http fetch GET 200 https://registry.npmjs.org/@types%2fps-tree 2428ms
400 http fetch GET 200 https://registry.npmjs.org/@types%2fsprintf 72ms
401 http fetch GET 200 https://registry.npmjs.org/@types%2fsplit 202ms
402 http fetch GET 200 https://registry.npmjs.org/@types/sprintf/-/sprintf-0.1.0.tgz 69ms
403 silly pacote tag manifest for @types/sprintf@ts3.6 fetched in 149ms
404 http fetch GET 200 https://registry.npmjs.org/@types%2fsprintf-js 65ms
405 http fetch GET 200 https://registry.npmjs.org/@types/sanitize-html/-/sanitize-html-2.3.2.tgz 1211ms
406 silly pacote tag manifest for @types/sanitize-html@ts3.6 fetched in 1356ms
407 http fetch GET 200 https://registry.npmjs.org/@types%2fsshpk 102ms
408 http fetch GET 200 https://registry.npmjs.org/@types/sprintf-js/-/sprintf-js-1.1.2.tgz 137ms
409 http fetch GET 200 https://registry.npmjs.org/@types/node-abi/-/node-abi-2.10.0.tgz 1224ms
410 silly pacote tag manifest for @types/sprintf-js@ts3.6 fetched in 209ms
411 silly pacote tag manifest for @types/node-abi@ts3.6 fetched in 3583ms
412 http fetch GET 200 https://registry.npmjs.org/@types%2fstatuses 79ms
413 http fetch GET 200 https://registry.npmjs.org/@types%2fstyled-components 96ms
414 http fetch GET 200 https://registry.npmjs.org/@types/sshpk/-/sshpk-1.10.6.tgz 139ms
415 silly pacote tag manifest for @types/sshpk@ts3.6 fetched in 250ms
416 http fetch GET 200 https://registry.npmjs.org/@types/statuses/-/statuses-2.0.0.tgz 99ms
417 silly pacote tag manifest for @types/statuses@ts3.6 fetched in 186ms
418 http fetch GET 200 https://registry.npmjs.org/@types%2fsupports-color 90ms
419 http fetch GET 200 https://registry.npmjs.org/@types%2ftar 113ms
420 http fetch GET 200 https://registry.npmjs.org/@types/supports-color/-/supports-color-8.1.1.tgz 111ms
421 silly pacote tag manifest for @types/supports-color@ts3.6 fetched in 208ms
422 http fetch GET 200 https://registry.npmjs.org/@types/tar/-/tar-4.0.5.tgz 112ms
423 silly pacote tag manifest for @types/tar@ts3.6 fetched in 241ms
424 http fetch GET 200 https://registry.npmjs.org/@types/react-virtualized/-/react-virtualized-9.21.13.tgz 1229ms
425 silly pacote tag manifest for @types/react-virtualized@ts3.6 fetched in 2577ms
426 http fetch GET 200 https://registry.npmjs.org/@types/serve-static/-/serve-static-1.13.10.tgz 1222ms
427 silly pacote tag manifest for @types/serve-static@ts3.6 fetched in 1301ms
428 http fetch GET 200 https://registry.npmjs.org/@types%2fthrough 76ms
429 http fetch GET 200 https://registry.npmjs.org/@types%2ftoidentifier 71ms
430 silly fetchPackageMetaData error for @types/toidentifier@ts3.6 No matching version found for @types/toidentifier@ts3.6.
431 http fetch GET 200 https://registry.npmjs.org/@types%2ftar-stream 160ms
432 http fetch GET 200 https://registry.npmjs.org/@types%2ftough-cookie 78ms
433 http fetch GET 200 https://registry.npmjs.org/@types/through/-/through-0.0.30.tgz 93ms
434 silly pacote tag manifest for @types/through@ts3.6 fetched in 176ms
435 http fetch GET 200 https://registry.npmjs.org/@types%2froute-parser 2352ms
436 http fetch GET 200 https://registry.npmjs.org/@types/tough-cookie/-/tough-cookie-4.0.1.tgz 84ms
437 silly pacote tag manifest for @types/tough-cookie@ts3.6 fetched in 169ms
438 http fetch GET 200 https://registry.npmjs.org/@types%2ftraverse 88ms
439 http fetch GET 200 https://registry.npmjs.org/@types%2ftype-is 69ms
440 http fetch GET 200 https://registry.npmjs.org/@types/pdfobject/-/pdfobject-2.2.2.tgz 1399ms
441 silly pacote tag manifest for @types/pdfobject@ts3.6 fetched in 3704ms
442 http fetch GET 200 https://registry.npmjs.org/@types/type-is/-/type-is-1.6.3.tgz 81ms
443 silly pacote tag manifest for @types/type-is@ts3.6 fetched in 156ms
444 http fetch GET 200 https://registry.npmjs.org/@types/traverse/-/traverse-0.6.32.tgz 153ms
445 silly pacote tag manifest for @types/traverse@ts3.6 fetched in 249ms
446 http fetch GET 200 https://registry.npmjs.org/@types/split/-/split-1.0.0.tgz 1199ms
447 http fetch GET 200 https://registry.npmjs.org/@types%2funiversalify 72ms
448 http fetch GET 200 https://registry.npmjs.org/@types/ps-tree/-/ps-tree-1.1.1.tgz 1210ms
449 silly pacote tag manifest for @types/split@ts3.6 fetched in 1414ms
450 silly pacote tag manifest for @types/ps-tree@ts3.6 fetched in 3650ms
451 http fetch GET 200 https://registry.npmjs.org/@types/universalify/-/universalify-1.0.0.tgz 71ms
452 http fetch GET 200 https://registry.npmjs.org/@types%2futil-deprecate 62ms
453 silly pacote tag manifest for @types/universalify@ts3.6 fetched in 154ms
454 http fetch GET 200 https://registry.npmjs.org/@types/util-deprecate/-/util-deprecate-1.0.0.tgz 72ms
455 silly pacote tag manifest for @types/util-deprecate@ts3.6 fetched in 142ms
456 http fetch GET 200 https://registry.npmjs.org/@types%2futils-merge 103ms
457 http fetch GET 200 https://registry.npmjs.org/@types%2fuuid 132ms
458 http fetch GET 200 https://registry.npmjs.org/@types/utils-merge/-/utils-merge-0.0.28.tgz 105ms
459 silly pacote tag manifest for @types/utils-merge@ts3.6 fetched in 217ms
460 http fetch GET 200 https://registry.npmjs.org/@types%2fvary 77ms
461 http fetch GET 200 https://registry.npmjs.org/@types/styled-components/-/styled-components-5.1.12.tgz 1198ms
462 http fetch GET 200 https://registry.npmjs.org/@types/uuid/-/uuid-8.3.1.tgz 92ms
463 silly pacote tag manifest for @types/styled-components@ts3.6 fetched in 1305ms
464 silly pacote tag manifest for @types/uuid@ts3.6 fetched in 234ms
465 http fetch GET 200 https://registry.npmjs.org/@types%2fvhost 109ms
466 http fetch GET 200 https://registry.npmjs.org/@types/vhost/-/vhost-3.0.4.tgz 109ms
467 silly pacote tag manifest for @types/vhost@ts3.6 fetched in 226ms
468 http fetch GET 200 https://registry.npmjs.org/@types%2fverror 299ms
469 http fetch GET 200 https://registry.npmjs.org/@types%2fshowdown 2316ms
470 http fetch GET 200 https://registry.npmjs.org/@types/verror/-/verror-1.10.5.tgz 78ms
471 silly pacote tag manifest for @types/verror@ts3.6 fetched in 386ms
472 http fetch GET 200 https://registry.npmjs.org/@types%2fwhich 90ms
473 http fetch GET 200 https://registry.npmjs.org/@types/tar-stream/-/tar-stream-2.2.1.tgz 1214ms
474 silly pacote tag manifest for @types/tar-stream@ts3.6 fetched in 1382ms
475 http fetch GET 200 https://registry.npmjs.org/@types%2ftar-fs 1497ms
476 http fetch GET 200 https://registry.npmjs.org/@types/which/-/which-2.0.1.tgz 57ms
477 silly pacote tag manifest for @types/which@ts3.6 fetched in 156ms
478 http fetch GET 200 https://registry.npmjs.org/@types%2fwhich-pm-runs 96ms
479 http fetch GET 200 https://registry.npmjs.org/@types/route-parser/-/route-parser-0.1.3.tgz 1241ms
480 silly pacote tag manifest for @types/route-parser@ts3.6 fetched in 3616ms
481 http fetch GET 200 https://registry.npmjs.org/@types%2fwordwrap 132ms
482 http fetch GET 200 https://registry.npmjs.org/@types/which-pm-runs/-/which-pm-runs-1.0.0.tgz 90ms
483 silly pacote tag manifest for @types/which-pm-runs@ts3.6 fetched in 193ms
484 http fetch GET 200 https://registry.npmjs.org/@types%2fwrap-ansi 110ms
485 http fetch GET 200 https://registry.npmjs.org/@types/wrap-ansi/-/wrap-ansi-8.0.1.tgz 99ms
486 http fetch GET 200 https://registry.npmjs.org/@types/vary/-/vary-1.1.0.tgz 831ms
487 http fetch GET 200 https://registry.npmjs.org/@types%2fws 130ms
488 silly pacote tag manifest for @types/wrap-ansi@ts3.6 fetched in 228ms
489 silly pacote tag manifest for @types/vary@ts3.6 fetched in 929ms
490 http fetch GET 200 https://registry.npmjs.org/@types/ws/-/ws-7.4.7.tgz 71ms
491 http fetch GET 200 https://registry.npmjs.org/@types%2fyallist 64ms
492 silly pacote tag manifest for @types/ws@ts3.6 fetched in 221ms
493 http fetch GET 200 https://registry.npmjs.org/@types%2fxtend 84ms
494 http fetch GET 200 https://registry.npmjs.org/@types/tar-fs/-/tar-fs-2.0.1.tgz 392ms
495 silly pacote tag manifest for @types/tar-fs@ts3.6 fetched in 1900ms
496 http fetch GET 200 https://registry.npmjs.org/@types/xtend/-/xtend-4.0.3.tgz 60ms
497 silly pacote tag manifest for @types/xtend@ts3.6 fetched in 163ms
498 http fetch GET 200 https://registry.npmjs.org/@types%2fyauzl 72ms
499 http fetch GET 200 https://registry.npmjs.org/@types/yallist/-/yallist-4.0.1.tgz 102ms
500 silly pacote tag manifest for @types/yallist@ts3.6 fetched in 173ms
501 http fetch GET 200 https://registry.npmjs.org/@types%2fyargs 114ms
502 http fetch GET 200 https://registry.npmjs.org/@types/yauzl/-/yauzl-2.9.2.tgz 62ms
503 silly pacote tag manifest for @types/yauzl@ts3.6 fetched in 144ms
504 http fetch GET 200 https://registry.npmjs.org/@types/yargs/-/yargs-17.0.2.tgz 68ms
505 silly pacote tag manifest for @types/yargs@ts3.6 fetched in 190ms
506 http fetch GET 200 https://registry.npmjs.org/@types%2fuser-home 1514ms
507 http fetch GET 200 https://registry.npmjs.org/@types/showdown/-/showdown-1.9.4.tgz 1242ms
508 silly pacote tag manifest for @types/showdown@ts3.6 fetched in 3566ms
509 http fetch GET 200 https://registry.npmjs.org/@types%2funbzip2-stream 2332ms
510 silly fetchPackageMetaData error for @types/unbzip2-stream@ts3.6 No matching version found for @types/unbzip2-stream@ts3.6.
511 http fetch GET 200 https://registry.npmjs.org/@types/wordwrap/-/wordwrap-1.0.1.tgz 1226ms
512 http fetch GET 200 https://registry.npmjs.org/@types%2funzip-stream 2349ms
513 silly pacote tag manifest for @types/wordwrap@ts3.6 fetched in 1367ms
514 http fetch GET 200 https://registry.npmjs.org/@types/user-home/-/user-home-2.0.0.tgz 1259ms
515 silly pacote tag manifest for @types/user-home@ts3.6 fetched in 2779ms
516 http fetch GET 200 https://registry.npmjs.org/@types%2fwhen 2347ms
517 http fetch GET 200 https://registry.npmjs.org/@types/unzip-stream/-/unzip-stream-0.3.1.tgz 1221ms
518 silly pacote tag manifest for @types/unzip-stream@ts3.6 fetched in 3578ms
519 http fetch GET 200 https://registry.npmjs.org/@types/when/-/when-2.4.34.tgz 1197ms
520 silly pacote tag manifest for @types/when@ts3.6 fetched in 3552ms
521 timing stage:rollbackFailedOptional Completed in 1ms
522 timing stage:runTopLevelLifecycles Completed in 13902ms
523 verbose type tag
524 verbose stack @types/delegates: No matching version found for @types/delegates@ts3.6.
524 verbose stack     at pickManifest (/usr/local/lib/node_modules/npm/node_modules/npm-pick-manifest/index.js:122:13)
524 verbose stack     at /usr/local/lib/node_modules/npm/node_modules/pacote/lib/fetchers/registry/manifest.js:24:14
524 verbose stack     at tryCatcher (/usr/local/lib/node_modules/npm/node_modules/bluebird/js/release/util.js:16:23)
524 verbose stack     at Promise._settlePromiseFromHandler (/usr/local/lib/node_modules/npm/node_modules/bluebird/js/release/promise.js:517:31)
524 verbose stack     at Promise._settlePromise (/usr/local/lib/node_modules/npm/node_modules/bluebird/js/release/promise.js:574:18)
524 verbose stack     at Promise._settlePromise0 (/usr/local/lib/node_modules/npm/node_modules/bluebird/js/release/promise.js:619:10)
524 verbose stack     at Promise._settlePromises (/usr/local/lib/node_modules/npm/node_modules/bluebird/js/release/promise.js:699:18)
524 verbose stack     at _drainQueueStep (/usr/local/lib/node_modules/npm/node_modules/bluebird/js/release/async.js:138:12)
524 verbose stack     at _drainQueue (/usr/local/lib/node_modules/npm/node_modules/bluebird/js/release/async.js:131:9)
524 verbose stack     at Async._drainQueues (/usr/local/lib/node_modules/npm/node_modules/bluebird/js/release/async.js:147:5)
524 verbose stack     at Immediate.Async.drainQueues [as _onImmediate] (/usr/local/lib/node_modules/npm/node_modules/bluebird/js/release/async.js:17:14)
524 verbose stack     at processImmediate (internal/timers.js:456:21)
525 verbose cwd /home/theia/.cache/typescript/3.6
526 verbose Linux 5.10.16.3-microsoft-standard-WSL2
527 verbose argv "/usr/local/bin/node" "/usr/local/bin/npm" "install" "--ignore-scripts" "@types/accepts@ts3.6" "@types/are-we-there-yet@ts3.6" "@types/argparse@ts3.6" "@types/asn1@ts3.6" "@types/assert-plus@ts3.6" "@types/autosize@ts3.6" "@types/aws4@ts3.6" "@types/babel-plugin-syntax-jsx@ts3.6" "@types/balanced-match@ts3.6" "@types/bent@ts3.6" "@types/bindings@ts3.6" "@types/body-parser@ts3.6" "@types/brace-expansion@ts3.6" "@types/buffer-crc32@ts3.6" "@types/buffers@ts3.6" "@types/byline@ts3.6" "@types/bytes@ts3.6" "@types/caseless@ts3.6" "@types/checksum@ts3.6" "@types/chownr@ts3.6" "@types/color-convert@ts3.6" "@types/color-name@ts3.6" "@types/combined-stream@ts3.6" "@types/concat-map@ts3.6" "@types/content-disposition@ts3.6" "@types/content-type@ts3.6" "@types/cookie@ts3.6" "@types/cookie-signature@ts3.6" "@types/css-to-react-native@ts3.6" "@types/dashdash@ts3.6" "@types/debug@ts3.6" "@types/decompress@ts3.6" "@types/deep-extend@ts3.6" "@types/delegates@ts3.6" "@types/depd@ts3.6" "@types/destroy@ts3.6" "@types/detect-libc@ts3.6" "@types/diff@ts3.6" "@types/dir-glob@ts3.6" "@types/dompurify@ts3.6" "@types/drivelist@ts3.6" "@types/ee-first@ts3.6" "@types/encodeurl@ts3.6" "@types/end-of-stream@ts3.6" "@types/escape-html@ts3.6" "@types/etag@ts3.6" "@types/event-stream@ts3.6" "@types/express@ts3.6" "@types/extend@ts3.6" "@types/extsprintf@ts3.6" "@types/finalhandler@ts3.6" "@types/forever-agent@ts3.6" "@types/forwarded@ts3.6" "@types/fresh@ts3.6" "@types/from@ts3.6" "@types/fs-extra@ts3.6" "@types/fs-minipass@ts3.6" "@types/getpass@ts3.6" "@types/glob@ts3.6" "@types/graceful-fs@ts3.6" "@types/http-errors@ts3.6" "@types/imurmurhash@ts3.6" "@types/inherits@ts3.6" "@types/ini@ts3.6" "@types/is-natural-number@ts3.6" "@types/is-typedarray@ts3.6" "@types/isarray@ts3.6" "@types/isexe@ts3.6" "@types/isstream@ts3.6" "@types/jsbn@ts3.6" "@types/json-schema@ts3.6" "@types/json-stringify-safe@ts3.6" "@types/jsonfile@ts3.6" "@types/linkify-it@ts3.6" "@types/lodash@ts3.6" "@types/lodash.clonedeep@ts3.6" "@types/lodash.debounce@ts3.6" "@types/lodash.throttle@ts3.6" "@types/markdown-it@ts3.6" "@types/mdurl@ts3.6" "@types/media-typer@ts3.6" "@types/merge-descriptors@ts3.6" "@types/methods@ts3.6" "@types/mime@ts3.6" "@types/mime-db@ts3.6" "@types/mime-types@ts3.6" "@types/minimatch@ts3.6" "@types/minimist@ts3.6" "@types/minizlib@ts3.6" "@types/mkdirp@ts3.6" "@types/ms@ts3.6" "@types/negotiator@ts3.6" "@types/nested-error-stacks@ts3.6" "@types/node-abi@ts3.6" "@types/npmlog@ts3.6" "@types/number-is-nan@ts3.6" "@types/object-assign@ts3.6" "@types/on-finished@ts3.6" "@types/once@ts3.6" "@types/oniguruma@ts3.6" "@types/optimist@ts3.6" "@types/os-homedir@ts3.6" "@types/parseurl@ts3.6" "@types/path-is-absolute@ts3.6" "@types/pdfobject@ts3.6" "@types/pify@ts3.6" "@types/progress@ts3.6" "@types/prop-types@ts3.6" "@types/proxy-addr@ts3.6" "@types/proxy-from-env@ts3.6" "@types/ps-tree@ts3.6" "@types/psl@ts3.6" "@types/pump@ts3.6" "@types/punycode@ts3.6" "@types/qs@ts3.6" "@types/range-parser@ts3.6" "@types/rc@ts3.6" "@types/react@ts3.6" "@types/react-dom@ts3.6" "@types/react-is@ts3.6" "@types/react-lifecycles-compat@ts3.6" "@types/react-virtualized@ts3.6" "@types/readable-stream@ts3.6" "@types/regenerator-runtime@ts3.6" "@types/request@ts3.6" "@types/requestretry@ts3.6" "@types/require-directory@ts3.6" "@types/rimraf@ts3.6" "@types/route-parser@ts3.6" "@types/safer-buffer@ts3.6" "@types/sanitize-html@ts3.6" "@types/scheduler@ts3.6" "@types/semver@ts3.6" "@types/send@ts3.6" "@types/serve-static@ts3.6" "@types/set-blocking@ts3.6" "@types/showdown@ts3.6" "@types/signal-exit@ts3.6" "@types/split@ts3.6" "@types/sprintf@ts3.6" "@types/sprintf-js@ts3.6" "@types/sshpk@ts3.6" "@types/statuses@ts3.6" "@types/styled-components@ts3.6" "@types/supports-color@ts3.6" "@types/tar@ts3.6" "@types/tar-fs@ts3.6" "@types/tar-stream@ts3.6" "@types/through@ts3.6" "@types/toidentifier@ts3.6" "@types/tough-cookie@ts3.6" "@types/traverse@ts3.6" "@types/type-is@ts3.6" "@types/unbzip2-stream@ts3.6" "@types/universalify@ts3.6" "@types/unzip-stream@ts3.6" "@types/user-home@ts3.6" "@types/util-deprecate@ts3.6" "@types/utils-merge@ts3.6" "@types/uuid@ts3.6" "@types/vary@ts3.6" "@types/verror@ts3.6" "@types/vhost@ts3.6" "@types/when@ts3.6" "@types/which@ts3.6" "@types/which-pm-runs@ts3.6" "@types/wordwrap@ts3.6" "@types/wrap-ansi@ts3.6" "@types/ws@ts3.6" "@types/xtend@ts3.6" "@types/yallist@ts3.6" "@types/yargs@ts3.6" "@types/yauzl@ts3.6" "--save-dev" "--user-agent=typesInstaller/3.6.3"
528 verbose node v12.18.3
529 verbose npm  v6.14.6
530 error code ETARGET
531 error notarget No matching version found for @types/delegates@ts3.6.
532 error notarget In most cases you or one of your dependencies are requesting
532 error notarget a package version that doesn't exist.
533 verbose exit [ 1, true ]
